0 info it worked if it ends with ok
1 verbose cli [ 'C:\\Program Files\\nodejs\\node.exe',
1 verbose cli   'C:\\Program Files\\nodejs\\node_modules\\npm\\bin\\npm-cli.js',
1 verbose cli   'run',
1 verbose cli   'test' ]
2 info using npm@2.7.4
3 info using node@v0.12.2
4 verbose run-script [ 'pretest', 'test', 'posttest' ]
5 info pretest voting-client@1.0.0
6 info test voting-client@1.0.0
7 verbose unsafe-perm in lifecycle true
8 info voting-client@1.0.0 Failed to exec test script
9 verbose stack Error: voting-client@1.0.0 test: `mocha --compilers js:babel-core/register --require ./test/test_helper.js "test/**/*@(.js|.jsx)"`
9 verbose stack Exit status 3
9 verbose stack     at EventEmitter.<anonymous> (C:\Program Files\nodejs\node_modules\npm\lib\utils\lifecycle.js:213:16)
9 verbose stack     at EventEmitter.emit (events.js:110:17)
9 verbose stack     at ChildProcess.<anonymous> (C:\Program Files\nodejs\node_modules\npm\lib\utils\spawn.js:14:12)
9 verbose stack     at ChildProcess.emit (events.js:110:17)
9 verbose stack     at maybeClose (child_process.js:1015:16)
9 verbose stack     at Process.ChildProcess._handle.onexit (child_process.js:1087:5)
10 verbose pkgid voting-client@1.0.0
11 verbose cwd C:\Users\Parth\Downloads\projects\voting-client
12 error Windows_NT 6.3.9600
13 error argv "C:\\Program Files\\nodejs\\node.exe" "C:\\Program Files\\nodejs\\node_modules\\npm\\bin\\npm-cli.js" "run" "test"
14 error node v0.12.2
15 error npm  v2.7.4
16 error code ELIFECYCLE
17 error voting-client@1.0.0 test: `mocha --compilers js:babel-core/register --require ./test/test_helper.js "test/**/*@(.js|.jsx)"`
17 error Exit status 3
18 error Failed at the voting-client@1.0.0 test script 'mocha --compilers js:babel-core/register --require ./test/test_helper.js "test/**/*@(.js|.jsx)"'.
18 error This is most likely a problem with the voting-client package,
18 error not with npm itself.
18 error Tell the author that this fails on your system:
18 error     mocha --compilers js:babel-core/register --require ./test/test_helper.js "test/**/*@(.js|.jsx)"
18 error You can get their info via:
18 error     npm owner ls voting-client
18 error There is likely additional logging output above.
19 verbose exit [ 1, true ]
